<?xml version="1.0" encoding="UTF-8"?>
<coverage generated="1738202585300" clover="3.2.0">
  <project timestamp="1738202585300" name="All files">
    <metrics statements="38" coveredstatements="30" conditionals="23" coveredconditionals="16" methods="8" coveredmethods="6" elements="69" coveredelements="52" complexity="0" loc="38" ncloc="38" packages="1" files="6" classes="6"/>
    <file name="add.js" path="D:\Software Testing\New folder\test_project_1\src\functions\add.js">
      <metrics statements="2" coveredstatements="2" conditionals="0" coveredconditionals="0" methods="1" coveredmethods="1"/>
      <line num="2" count="3" type="stmt"/>
      <line num="5" count="1" type="stmt"/>
    </file>
    <file name="api.js" path="D:\Software Testing\New folder\test_project_1\src\functions\api.js">
      <metrics statements="3" coveredstatements="1" conditionals="0" coveredconditionals="0" methods="1" coveredmethods="0"/>
      <line num="2" count="0" type="stmt"/>
      <line num="3" count="0" type="stmt"/>
      <line num="6" count="1" type="stmt"/>
    </file>
    <file name="fetchData.js" path="D:\Software Testing\New folder\test_project_1\src\functions\fetchData.js">
      <metrics statements="8" coveredstatements="8" conditionals="2" coveredconditionals="2" methods="1" coveredmethods="1"/>
      <line num="3" count="2" type="stmt"/>
      <line num="4" count="2" type="stmt"/>
      <line num="6" count="2" type="cond" truecount="2" falsecount="0"/>
      <line num="7" count="1" type="stmt"/>
      <line num="9" count="1" type="stmt"/>
      <line num="10" count="1" type="stmt"/>
      <line num="12" count="1" type="stmt"/>
      <line num="16" count="1" type="stmt"/>
    </file>
    <file name="getUser.js" path="D:\Software Testing\New folder\test_project_1\src\functions\getUser.js">
      <metrics statements="2" coveredstatements="2" conditionals="0" coveredconditionals="0" methods="1" coveredmethods="1"/>
      <line num="3" count="1" type="stmt"/>
      <line num="6" count="1" type="stmt"/>
    </file>
    <file name="userModel.js" path="D:\Software Testing\New folder\test_project_1\src\functions\userModel.js">
      <metrics statements="10" coveredstatements="9" conditionals="0" coveredconditionals="0" methods="1" coveredmethods="1"/>
      <line num="1" count="1" type="stmt"/>
      <line num="3" count="1" type="stmt"/>
      <line num="10" count="1" type="stmt"/>
      <line num="13" count="1" type="stmt"/>
      <line num="14" count="1" type="stmt"/>
      <line num="15" count="1" type="stmt"/>
      <line num="16" count="1" type="stmt"/>
      <line num="17" count="1" type="stmt"/>
      <line num="19" count="0" type="stmt"/>
      <line num="23" count="1" type="stmt"/>
    </file>
    <file name="userUtils.js" path="D:\Software Testing\New folder\test_project_1\src\functions\userUtils.js">
      <metrics statements="13" coveredstatements="8" conditionals="21" coveredconditionals="14" methods="3" coveredmethods="2"/>
      <line num="3" count="1" type="cond" truecount="3" falsecount="1"/>
      <line num="4" count="0" type="stmt"/>
      <line num="6" count="1" type="cond" truecount="2" falsecount="0"/>
      <line num="11" count="2" type="cond" truecount="2" falsecount="0"/>
      <line num="17" count="1" type="stmt"/>
      <line num="20" count="1" type="stmt"/>
      <line num="23" count="1" type="cond" truecount="3" falsecount="1"/>
      <line num="24" count="0" type="stmt"/>
      <line num="26" count="1" type="stmt"/>
      <line num="32" count="0" type="cond" truecount="0" falsecount="5"/>
      <line num="33" count="0" type="stmt"/>
      <line num="35" count="0" type="stmt"/>
      <line num="38" count="1" type="stmt"/>
    </file>
  </project>
</coverage>
