{"D:\\Software Testing\\New folder\\test_project_1\\src\\functions\\add.js": {"path":"D:\\Software Testing\\New folder\\test_project_1\\src\\functions\\add.js","statementMap":{"0":{"start":{"line":2,"column":4},"end":{"line":2,"column":16}},"1":{"start":{"line":5,"column":0},"end":{"line":5,"column":21}}},"fnMap":{"0":{"name":"add","decl":{"start":{"line":1,"column":9},"end":{"line":1,"column":12}},"loc":{"start":{"line":1,"column":18},"end":{"line":3,"column":1}},"line":1}},"branchMap":{},"s":{"0":3,"1":1},"f":{"0":3},"b":{},"_coverageSchema":"1a1c01bbd47fc00a2c39e90264f33305004495a9","hash":"aba0bfb85095079344cc04b1f73105375697fdde"}
,"D:\\Software Testing\\New folder\\test_project_1\\src\\functions\\fetchData.js": {"path":"D:\\Software Testing\\New folder\\test_project_1\\src\\functions\\fetchData.js","statementMap":{"0":{"start":{"line":3,"column":4},"end":{"line":13,"column":5}},"1":{"start":{"line":4,"column":23},"end":{"line":4,"column":39}},"2":{"start":{"line":6,"column":7},"end":{"line":8,"column":8}},"3":{"start":{"line":7,"column":8},"end":{"line":7,"column":54}},"4":{"start":{"line":9,"column":20},"end":{"line":9,"column":41}},"5":{"start":{"line":10,"column":7},"end":{"line":10,"column":19}},"6":{"start":{"line":12,"column":8},"end":{"line":12,"column":54}},"7":{"start":{"line":16,"column":0},"end":{"line":16,"column":27}}},"fnMap":{"0":{"name":"fetchData","decl":{"start":{"line":2,"column":15},"end":{"line":2,"column":24}},"loc":{"start":{"line":2,"column":29},"end":{"line":14,"column":1}},"line":2}},"branchMap":{"0":{"loc":{"start":{"line":6,"column":7},"end":{"line":8,"column":8}},"type":"if","locations":[{"start":{"line":6,"column":7},"end":{"line":8,"column":8}},{"start":{},"end":{}}],"line":6}},"s":{"0":2,"1":2,"2":2,"3":1,"4":1,"5":1,"6":1,"7":1},"f":{"0":2},"b":{"0":[1,1]},"_coverageSchema":"1a1c01bbd47fc00a2c39e90264f33305004495a9","hash":"d6cb52f025a40cd673c1519a5d82821f2c3bb912"}
,"D:\\Software Testing\\New folder\\test_project_1\\src\\functions\\getUser.js": {"path":"D:\\Software Testing\\New folder\\test_project_1\\src\\functions\\getUser.js","statementMap":{"0":{"start":{"line":3,"column":4},"end":{"line":3,"column":34}},"1":{"start":{"line":6,"column":0},"end":{"line":6,"column":38}}},"fnMap":{"0":{"name":"getUserFromDatabase","decl":{"start":{"line":1,"column":9},"end":{"line":1,"column":28}},"loc":{"start":{"line":1,"column":33},"end":{"line":4,"column":1}},"line":1}},"branchMap":{},"s":{"0":1,"1":1},"f":{"0":1},"b":{},"_coverageSchema":"1a1c01bbd47fc00a2c39e90264f33305004495a9","hash":"811fe929ecf22237ff978df782d8b38c64e354e4"}
,"D:\\Software Testing\\New folder\\test_project_1\\src\\functions\\userUtils.js": {"path":"D:\\Software Testing\\New folder\\test_project_1\\src\\functions\\userUtils.js","statementMap":{"0":{"start":{"line":3,"column":4},"end":{"line":5,"column":5}},"1":{"start":{"line":4,"column":8},"end":{"line":4,"column":45}},"2":{"start":{"line":6,"column":4},"end":{"line":6,"column":61}},"3":{"start":{"line":11,"column":4},"end":{"line":18,"column":5}},"4":{"start":{"line":17,"column":8},"end":{"line":17,"column":40}},"5":{"start":{"line":20,"column":15},"end":{"line":20,"column":38}},"6":{"start":{"line":23,"column":4},"end":{"line":27,"column":5}},"7":{"start":{"line":24,"column":8},"end":{"line":24,"column":46}},"8":{"start":{"line":26,"column":8},"end":{"line":26,"column":19}},"9":{"start":{"line":32,"column":4},"end":{"line":34,"column":5}},"10":{"start":{"line":33,"column":8},"end":{"line":33,"column":45}},"11":{"start":{"line":35,"column":4},"end":{"line":35,"column":95}},"12":{"start":{"line":38,"column":0},"end":{"line":42,"column":1}}},"fnMap":{"0":{"name":"getUserFullName","decl":{"start":{"line":2,"column":9},"end":{"line":2,"column":24}},"loc":{"start":{"line":2,"column":30},"end":{"line":7,"column":1}},"line":2},"1":{"name":"calculateAge","decl":{"start":{"line":9,"column":9},"end":{"line":9,"column":21}},"loc":{"start":{"line":9,"column":45},"end":{"line":28,"column":1}},"line":9},"2":{"name":"getUserInitials","decl":{"start":{"line":31,"column":9},"end":{"line":31,"column":24}},"loc":{"start":{"line":31,"column":30},"end":{"line":36,"column":1}},"line":31}},"branchMap":{"0":{"loc":{"start":{"line":3,"column":4},"end":{"line":5,"column":5}},"type":"if","locations":[{"start":{"line":3,"column":4},"end":{"line":5,"column":5}},{"start":{},"end":{}}],"line":3},"1":{"loc":{"start":{"line":3,"column":7},"end":{"line":3,"column":31}},"type":"binary-expr","locations":[{"start":{"line":3,"column":7},"end":{"line":3,"column":12}},{"start":{"line":3,"column":16},"end":{"line":3,"column":31}}],"line":3},"2":{"loc":{"start":{"line":6,"column":32},"end":{"line":6,"column":51}},"type":"binary-expr","locations":[{"start":{"line":6,"column":32},"end":{"line":6,"column":45}},{"start":{"line":6,"column":49},"end":{"line":6,"column":51}}],"line":6},"3":{"loc":{"start":{"line":11,"column":4},"end":{"line":18,"column":5}},"type":"if","locations":[{"start":{"line":11,"column":4},"end":{"line":18,"column":5}},{"start":{},"end":{}}],"line":11},"4":{"loc":{"start":{"line":12,"column":8},"end":{"line":15,"column":29}},"type":"binary-expr","locations":[{"start":{"line":12,"column":8},"end":{"line":12,"column":24}},{"start":{"line":13,"column":8},"end":{"line":13,"column":26}},{"start":{"line":14,"column":8},"end":{"line":14,"column":27}},{"start":{"line":15,"column":8},"end":{"line":15,"column":29}}],"line":12},"5":{"loc":{"start":{"line":23,"column":4},"end":{"line":27,"column":5}},"type":"if","locations":[{"start":{"line":23,"column":4},"end":{"line":27,"column":5}},{"start":{"line":25,"column":11},"end":{"line":27,"column":5}}],"line":23},"6":{"loc":{"start":{"line":23,"column":7},"end":{"line":23,"column":28}},"type":"binary-expr","locations":[{"start":{"line":23,"column":7},"end":{"line":23,"column":15}},{"start":{"line":23,"column":19},"end":{"line":23,"column":28}}],"line":23},"7":{"loc":{"start":{"line":32,"column":4},"end":{"line":34,"column":5}},"type":"if","locations":[{"start":{"line":32,"column":4},"end":{"line":34,"column":5}},{"start":{},"end":{}}],"line":32},"8":{"loc":{"start":{"line":32,"column":7},"end":{"line":32,"column":49}},"type":"binary-expr","locations":[{"start":{"line":32,"column":7},"end":{"line":32,"column":12}},{"start":{"line":32,"column":16},"end":{"line":32,"column":31}},{"start":{"line":32,"column":35},"end":{"line":32,"column":49}}],"line":32}},"s":{"0":1,"1":0,"2":1,"3":2,"4":1,"5":1,"6":1,"7":0,"8":1,"9":0,"10":0,"11":0,"12":1},"f":{"0":1,"1":2,"2":0},"b":{"0":[0,1],"1":[1,1],"2":[1,1],"3":[1,1],"4":[2,2,2,1],"5":[0,1],"6":[1,1],"7":[0,0],"8":[0,0,0]},"_coverageSchema":"1a1c01bbd47fc00a2c39e90264f33305004495a9","hash":"145163fd57c01d698b803f33cc2b9c6a7b58345b"}
}
